<?xml version="1.0" encoding="UTF-8"?>
<robot generator="Robot 3.2.2 (Python 3.11.9 on win32)" generated="20240705 23:15:33.128" rpa="false">
<suite id="s1" name="Enabill 4.5" source="D:\OneDrive - Logstar ERP India Pvt Ltd\Automation Testing\Robot Freamwork\Softwares\workspace\Enabill_4.5">
<suite id="s1-s1" name="Robot Script Library" source="D:\OneDrive - Logstar ERP India Pvt Ltd\Automation Testing\Robot Freamwork\Softwares\workspace\Enabill_4.5\Robot_Script_Library">
<suite id="s1-s1-s1" name="TC0001 Enabill 4.5 LoginTest" source="D:\OneDrive - Logstar ERP India Pvt Ltd\Automation Testing\Robot Freamwork\Softwares\workspace\Enabill_4.5\Robot_Script_Library\TC0001_Enabill_4.5_LoginTest.robot">
<test id="s1-s1-s1-t1" name="TC001_Login_In_Enabill_4.5 with valid Credentials">
<kw name="Open My Browser" library="Common_Keyword">
<arguments>
<arg>${SiteURL}</arg>
<arg>${Browser}</arg>
</arguments>
<kw name="Open Browser" library="SeleniumLibrary">
<doc>Opens a new browser instance to the optional ``url``.</doc>
<arguments>
<arg>${SiteURL}</arg>
<arg>${Browser}</arg>
</arguments>
<msg timestamp="20240705 23:15:33.493" level="INFO">Opening browser 'chrome' to base url 'http://172.16.23.54:9009/login'.</msg>
<status status="PASS" starttime="20240705 23:15:33.493" endtime="20240705 23:15:42.300"></status>
</kw>
<kw name="Maximize Browser Window" library="SeleniumLibrary">
<doc>Maximizes current browser window.</doc>
<status status="PASS" starttime="20240705 23:15:42.301" endtime="20240705 23:15:42.349"></status>
</kw>
<status status="PASS" starttime="20240705 23:15:33.493" endtime="20240705 23:15:42.349"></status>
</kw>
<kw name="Read Excel" library="Common_Keyword">
<arguments>
<arg>${FilePath}</arg>
<arg>${SheetName}</arg>
<arg>2</arg>
<arg>1</arg>
</arguments>
<assign>
<var>${UserName}</var>
</assign>
<kw name="Open Excel Document" library="ExcelLibrary">
<doc>Opens xlsx document file.</doc>
<arguments>
<arg>${filepath}</arg>
<arg>${Sheet}</arg>
</arguments>
<status status="PASS" starttime="20240705 23:15:42.351" endtime="20240705 23:15:42.359"></status>
</kw>
<kw name="Read Excel Cell" library="ExcelLibrary">
<doc>Returns content of a cell.</doc>
<arguments>
<arg>${Rowno}</arg>
<arg>${Columnno}</arg>
</arguments>
<assign>
<var>${data}</var>
</assign>
<msg timestamp="20240705 23:15:42.361" level="INFO">${data} = sagar.patil</msg>
<status status="PASS" starttime="20240705 23:15:42.360" endtime="20240705 23:15:42.361"></status>
</kw>
<kw name="Close All Excel Documents" library="ExcelLibrary">
<doc>Closes all opened documents.</doc>
<status status="PASS" starttime="20240705 23:15:42.361" endtime="20240705 23:15:42.361"></status>
</kw>
<msg timestamp="20240705 23:15:42.361" level="INFO">${UserName} = sagar.patil</msg>
<status status="PASS" starttime="20240705 23:15:42.351" endtime="20240705 23:15:42.361"></status>
</kw>
<kw name="Read Excel" library="Common_Keyword">
<arguments>
<arg>${FilePath}</arg>
<arg>${SheetName}</arg>
<arg>2</arg>
<arg>2</arg>
</arguments>
<assign>
<var>${Password}</var>
</assign>
<kw name="Open Excel Document" library="ExcelLibrary">
<doc>Opens xlsx document file.</doc>
<arguments>
<arg>${filepath}</arg>
<arg>${Sheet}</arg>
</arguments>
<status status="PASS" starttime="20240705 23:15:42.361" endtime="20240705 23:15:42.367"></status>
</kw>
<kw name="Read Excel Cell" library="ExcelLibrary">
<doc>Returns content of a cell.</doc>
<arguments>
<arg>${Rowno}</arg>
<arg>${Columnno}</arg>
</arguments>
<assign>
<var>${data}</var>
</assign>
<msg timestamp="20240705 23:15:42.368" level="INFO">${data} = Pass@222</msg>
<status status="PASS" starttime="20240705 23:15:42.368" endtime="20240705 23:15:42.368"></status>
</kw>
<kw name="Close All Excel Documents" library="ExcelLibrary">
<doc>Closes all opened documents.</doc>
<status status="PASS" starttime="20240705 23:15:42.369" endtime="20240705 23:15:42.369"></status>
</kw>
<msg timestamp="20240705 23:15:42.369" level="INFO">${Password} = Pass@222</msg>
<status status="PASS" starttime="20240705 23:15:42.361" endtime="20240705 23:15:42.369"></status>
</kw>
<kw name="Login With Credentials" library="Common_Keyword">
<arguments>
<arg>${UserName}</arg>
<arg>${Password}</arg>
</arguments>
<kw name="EnterUserName" library="Common_Keyword">
<arguments>
<arg>${Username}</arg>
</arguments>
<kw name="Input Text" library="SeleniumLibrary">
<doc>Types the given ``text`` into the text field identified by ``locator``.</doc>
<arguments>
<arg>${Text_UserName}</arg>
<arg>${Username}</arg>
</arguments>
<msg timestamp="20240705 23:15:42.371" level="INFO">Typing text 'sagar.patil' into text field 'xpath://input[@id='email']'.</msg>
<status status="PASS" starttime="20240705 23:15:42.371" endtime="20240705 23:15:42.508"></status>
</kw>
<status status="PASS" starttime="20240705 23:15:42.370" endtime="20240705 23:15:42.509"></status>
</kw>
<kw name="EnterPassword" library="Common_Keyword">
<arguments>
<arg>${Password}</arg>
</arguments>
<kw name="Input Text" library="SeleniumLibrary">
<doc>Types the given ``text`` into the text field identified by ``locator``.</doc>
<arguments>
<arg>${Text_Password}</arg>
<arg>${Password}</arg>
</arguments>
<msg timestamp="20240705 23:15:42.510" level="INFO">Typing text 'Pass@222' into text field 'id=password'.</msg>
<status status="PASS" starttime="20240705 23:15:42.510" endtime="20240705 23:15:42.605"></status>
</kw>
<status status="PASS" starttime="20240705 23:15:42.509" endtime="20240705 23:15:42.605"></status>
</kw>
<kw name="Click On Login Button" library="Common_Keyword">
<kw name="Click Button" library="SeleniumLibrary">
<doc>Clicks the button identified by ``locator``.</doc>
<arguments>
<arg>${Button_Login}</arg>
</arguments>
<msg timestamp="20240705 23:15:42.606" level="INFO">Clicking button 'id=Login'.</msg>
<status status="PASS" starttime="20240705 23:15:42.605" endtime="20240705 23:15:42.667"></status>
</kw>
<status status="PASS" starttime="20240705 23:15:42.605" endtime="20240705 23:15:42.667"></status>
</kw>
<status status="PASS" starttime="20240705 23:15:42.369" endtime="20240705 23:15:42.667"></status>
</kw>
<kw name="Disaply The Enabill Logo" library="Common_Keyword">
<kw name="Wait Until Element Is Visible" library="SeleniumLibrary">
<doc>Waits until the element ``locator`` is visible.</doc>
<arguments>
<arg>${EnabillLogo}</arg>
</arguments>
<status status="PASS" starttime="20240705 23:15:42.667" endtime="20240705 23:15:43.300"></status>
</kw>
<status status="PASS" starttime="20240705 23:15:42.667" endtime="20240705 23:15:43.300"></status>
</kw>
<doc>TO want to verify if the system allows a user to log into the Enabill system using a valid username and password.</doc>
<status status="PASS" starttime="20240705 23:15:33.493" endtime="20240705 23:15:43.300" critical="yes"></status>
</test>
<test id="s1-s1-s1-t2" name="TC002_Login_In_Enabill_4.5 with Invalid Credentials">
<kw name="Open My Browser" library="Common_Keyword">
<arguments>
<arg>${SiteURL}</arg>
<arg>${Browser}</arg>
</arguments>
<kw name="Open Browser" library="SeleniumLibrary">
<doc>Opens a new browser instance to the optional ``url``.</doc>
<arguments>
<arg>${SiteURL}</arg>
<arg>${Browser}</arg>
</arguments>
<msg timestamp="20240705 23:15:43.303" level="INFO">Opening browser 'chrome' to base url 'http://172.16.23.54:9009/login'.</msg>
<status status="PASS" starttime="20240705 23:15:43.303" endtime="20240705 23:15:44.910"></status>
</kw>
<kw name="Maximize Browser Window" library="SeleniumLibrary">
<doc>Maximizes current browser window.</doc>
<status status="PASS" starttime="20240705 23:15:44.911" endtime="20240705 23:15:46.299"></status>
</kw>
<status status="PASS" starttime="20240705 23:15:43.302" endtime="20240705 23:15:46.300"></status>
</kw>
<kw name="Read Excel" library="Common_Keyword">
<arguments>
<arg>${FilePath}</arg>
<arg>${SheetName}</arg>
<arg>3</arg>
<arg>1</arg>
</arguments>
<assign>
<var>${UserName}</var>
</assign>
<kw name="Open Excel Document" library="ExcelLibrary">
<doc>Opens xlsx document file.</doc>
<arguments>
<arg>${filepath}</arg>
<arg>${Sheet}</arg>
</arguments>
<status status="PASS" starttime="20240705 23:15:46.300" endtime="20240705 23:15:46.300"></status>
</kw>
<kw name="Read Excel Cell" library="ExcelLibrary">
<doc>Returns content of a cell.</doc>
<arguments>
<arg>${Rowno}</arg>
<arg>${Columnno}</arg>
</arguments>
<assign>
<var>${data}</var>
</assign>
<msg timestamp="20240705 23:15:46.300" level="INFO">${data} = Irfan.Inamdar</msg>
<status status="PASS" starttime="20240705 23:15:46.300" endtime="20240705 23:15:46.300"></status>
</kw>
<kw name="Close All Excel Documents" library="ExcelLibrary">
<doc>Closes all opened documents.</doc>
<status status="PASS" starttime="20240705 23:15:46.300" endtime="20240705 23:15:46.300"></status>
</kw>
<msg timestamp="20240705 23:15:46.300" level="INFO">${UserName} = Irfan.Inamdar</msg>
<status status="PASS" starttime="20240705 23:15:46.300" endtime="20240705 23:15:46.300"></status>
</kw>
<kw name="Read Excel" library="Common_Keyword">
<arguments>
<arg>${FilePath}</arg>
<arg>${SheetName}</arg>
<arg>3</arg>
<arg>2</arg>
</arguments>
<assign>
<var>${Password}</var>
</assign>
<kw name="Open Excel Document" library="ExcelLibrary">
<doc>Opens xlsx document file.</doc>
<arguments>
<arg>${filepath}</arg>
<arg>${Sheet}</arg>
</arguments>
<status status="PASS" starttime="20240705 23:15:46.300" endtime="20240705 23:15:46.311"></status>
</kw>
<kw name="Read Excel Cell" library="ExcelLibrary">
<doc>Returns content of a cell.</doc>
<arguments>
<arg>${Rowno}</arg>
<arg>${Columnno}</arg>
</arguments>
<assign>
<var>${data}</var>
</assign>
<msg timestamp="20240705 23:15:46.311" level="INFO">${data} = Test@123</msg>
<status status="PASS" starttime="20240705 23:15:46.311" endtime="20240705 23:15:46.311"></status>
</kw>
<kw name="Close All Excel Documents" library="ExcelLibrary">
<doc>Closes all opened documents.</doc>
<status status="PASS" starttime="20240705 23:15:46.311" endtime="20240705 23:15:46.311"></status>
</kw>
<msg timestamp="20240705 23:15:46.311" level="INFO">${Password} = Test@123</msg>
<status status="PASS" starttime="20240705 23:15:46.300" endtime="20240705 23:15:46.311"></status>
</kw>
<kw name="Login With Credentials" library="Common_Keyword">
<arguments>
<arg>${UserName}</arg>
<arg>${Password}</arg>
</arguments>
<kw name="EnterUserName" library="Common_Keyword">
<arguments>
<arg>${Username}</arg>
</arguments>
<kw name="Input Text" library="SeleniumLibrary">
<doc>Types the given ``text`` into the text field identified by ``locator``.</doc>
<arguments>
<arg>${Text_UserName}</arg>
<arg>${Username}</arg>
</arguments>
<msg timestamp="20240705 23:15:46.311" level="INFO">Typing text 'Irfan.Inamdar' into text field 'xpath://input[@id='email']'.</msg>
<status status="PASS" starttime="20240705 23:15:46.311" endtime="20240705 23:15:46.398"></status>
</kw>
<status status="PASS" starttime="20240705 23:15:46.311" endtime="20240705 23:15:46.398"></status>
</kw>
<kw name="EnterPassword" library="Common_Keyword">
<arguments>
<arg>${Password}</arg>
</arguments>
<kw name="Input Text" library="SeleniumLibrary">
<doc>Types the given ``text`` into the text field identified by ``locator``.</doc>
<arguments>
<arg>${Text_Password}</arg>
<arg>${Password}</arg>
</arguments>
<msg timestamp="20240705 23:15:46.398" level="INFO">Typing text 'Test@123' into text field 'id=password'.</msg>
<status status="PASS" starttime="20240705 23:15:46.398" endtime="20240705 23:15:46.467"></status>
</kw>
<status status="PASS" starttime="20240705 23:15:46.398" endtime="20240705 23:15:46.467"></status>
</kw>
<kw name="Click On Login Button" library="Common_Keyword">
<kw name="Click Button" library="SeleniumLibrary">
<doc>Clicks the button identified by ``locator``.</doc>
<arguments>
<arg>${Button_Login}</arg>
</arguments>
<msg timestamp="20240705 23:15:46.467" level="INFO">Clicking button 'id=Login'.</msg>
<status status="PASS" starttime="20240705 23:15:46.467" endtime="20240705 23:15:46.517"></status>
</kw>
<status status="PASS" starttime="20240705 23:15:46.467" endtime="20240705 23:15:46.517"></status>
</kw>
<status status="PASS" starttime="20240705 23:15:46.311" endtime="20240705 23:15:46.517"></status>
</kw>
<kw name="Display Invalid User" library="Common_Keyword">
<kw name="Wait Until Element Is Visible" library="SeleniumLibrary">
<doc>Waits until the element ``locator`` is visible.</doc>
<arguments>
<arg>${EnvalidUserName}</arg>
</arguments>
<status status="PASS" starttime="20240705 23:15:46.517" endtime="20240705 23:15:46.744"></status>
</kw>
<status status="PASS" starttime="20240705 23:15:46.517" endtime="20240705 23:15:46.744"></status>
</kw>
<doc>TO want to verify if the system allows a user to log into the Enabill system using a Invalid username and password.</doc>
<status status="PASS" starttime="20240705 23:15:43.301" endtime="20240705 23:15:46.744" critical="yes"></status>
</test>
<test id="s1-s1-s1-t3" name="TC003">
<kw name="TC001K_Login_In_Enabill_4.5 with valid Credentials">
<doc>TO want to verify if the system allows a user to log into the Enabill system using a valid username and password.</doc>
<kw name="Open My Browser" library="Common_Keyword">
<arguments>
<arg>${SiteURL}</arg>
<arg>${Browser}</arg>
</arguments>
<kw name="Open Browser" library="SeleniumLibrary">
<doc>Opens a new browser instance to the optional ``url``.</doc>
<arguments>
<arg>${SiteURL}</arg>
<arg>${Browser}</arg>
</arguments>
<msg timestamp="20240705 23:15:46.756" level="INFO">Opening browser 'chrome' to base url 'http://172.16.23.54:9009/login'.</msg>
<status status="PASS" starttime="20240705 23:15:46.755" endtime="20240705 23:15:49.285"></status>
</kw>
<kw name="Maximize Browser Window" library="SeleniumLibrary">
<doc>Maximizes current browser window.</doc>
<status status="PASS" starttime="20240705 23:15:49.285" endtime="20240705 23:15:49.319"></status>
</kw>
<status status="PASS" starttime="20240705 23:15:46.755" endtime="20240705 23:15:49.319"></status>
</kw>
<kw name="Read Excel" library="Common_Keyword">
<arguments>
<arg>${FilePath}</arg>
<arg>${SheetName}</arg>
<arg>2</arg>
<arg>1</arg>
</arguments>
<assign>
<var>${UserName}</var>
</assign>
<kw name="Open Excel Document" library="ExcelLibrary">
<doc>Opens xlsx document file.</doc>
<arguments>
<arg>${filepath}</arg>
<arg>${Sheet}</arg>
</arguments>
<status status="PASS" starttime="20240705 23:15:49.319" endtime="20240705 23:15:49.327"></status>
</kw>
<kw name="Read Excel Cell" library="ExcelLibrary">
<doc>Returns content of a cell.</doc>
<arguments>
<arg>${Rowno}</arg>
<arg>${Columnno}</arg>
</arguments>
<assign>
<var>${data}</var>
</assign>
<msg timestamp="20240705 23:15:49.327" level="INFO">${data} = sagar.patil</msg>
<status status="PASS" starttime="20240705 23:15:49.327" endtime="20240705 23:15:49.327"></status>
</kw>
<kw name="Close All Excel Documents" library="ExcelLibrary">
<doc>Closes all opened documents.</doc>
<status status="PASS" starttime="20240705 23:15:49.327" endtime="20240705 23:15:49.327"></status>
</kw>
<msg timestamp="20240705 23:15:49.331" level="INFO">${UserName} = sagar.patil</msg>
<status status="PASS" starttime="20240705 23:15:49.319" endtime="20240705 23:15:49.331"></status>
</kw>
<kw name="Read Excel" library="Common_Keyword">
<arguments>
<arg>${FilePath}</arg>
<arg>${SheetName}</arg>
<arg>2</arg>
<arg>2</arg>
</arguments>
<assign>
<var>${Password}</var>
</assign>
<kw name="Open Excel Document" library="ExcelLibrary">
<doc>Opens xlsx document file.</doc>
<arguments>
<arg>${filepath}</arg>
<arg>${Sheet}</arg>
</arguments>
<status status="PASS" starttime="20240705 23:15:49.331" endtime="20240705 23:15:49.331"></status>
</kw>
<kw name="Read Excel Cell" library="ExcelLibrary">
<doc>Returns content of a cell.</doc>
<arguments>
<arg>${Rowno}</arg>
<arg>${Columnno}</arg>
</arguments>
<assign>
<var>${data}</var>
</assign>
<msg timestamp="20240705 23:15:49.331" level="INFO">${data} = Pass@222</msg>
<status status="PASS" starttime="20240705 23:15:49.331" endtime="20240705 23:15:49.331"></status>
</kw>
<kw name="Close All Excel Documents" library="ExcelLibrary">
<doc>Closes all opened documents.</doc>
<status status="PASS" starttime="20240705 23:15:49.338" endtime="20240705 23:15:49.340"></status>
</kw>
<msg timestamp="20240705 23:15:49.343" level="INFO">${Password} = Pass@222</msg>
<status status="PASS" starttime="20240705 23:15:49.331" endtime="20240705 23:15:49.344"></status>
</kw>
<kw name="Login With Credentials" library="Common_Keyword">
<arguments>
<arg>${UserName}</arg>
<arg>${Password}</arg>
</arguments>
<kw name="EnterUserName" library="Common_Keyword">
<arguments>
<arg>${Username}</arg>
</arguments>
<kw name="Input Text" library="SeleniumLibrary">
<doc>Types the given ``text`` into the text field identified by ``locator``.</doc>
<arguments>
<arg>${Text_UserName}</arg>
<arg>${Username}</arg>
</arguments>
<msg timestamp="20240705 23:15:49.351" level="INFO">Typing text 'sagar.patil' into text field 'xpath://input[@id='email']'.</msg>
<status status="PASS" starttime="20240705 23:15:49.350" endtime="20240705 23:15:49.515"></status>
</kw>
<status status="PASS" starttime="20240705 23:15:49.349" endtime="20240705 23:15:49.515"></status>
</kw>
<kw name="EnterPassword" library="Common_Keyword">
<arguments>
<arg>${Password}</arg>
</arguments>
<kw name="Input Text" library="SeleniumLibrary">
<doc>Types the given ``text`` into the text field identified by ``locator``.</doc>
<arguments>
<arg>${Text_Password}</arg>
<arg>${Password}</arg>
</arguments>
<msg timestamp="20240705 23:15:49.517" level="INFO">Typing text 'Pass@222' into text field 'id=password'.</msg>
<status status="PASS" starttime="20240705 23:15:49.516" endtime="20240705 23:15:49.624"></status>
</kw>
<status status="PASS" starttime="20240705 23:15:49.515" endtime="20240705 23:15:49.625"></status>
</kw>
<kw name="Click On Login Button" library="Common_Keyword">
<kw name="Click Button" library="SeleniumLibrary">
<doc>Clicks the button identified by ``locator``.</doc>
<arguments>
<arg>${Button_Login}</arg>
</arguments>
<msg timestamp="20240705 23:15:49.627" level="INFO">Clicking button 'id=Login'.</msg>
<status status="PASS" starttime="20240705 23:15:49.626" endtime="20240705 23:15:49.688"></status>
</kw>
<status status="PASS" starttime="20240705 23:15:49.625" endtime="20240705 23:15:49.688"></status>
</kw>
<status status="PASS" starttime="20240705 23:15:49.348" endtime="20240705 23:15:49.688"></status>
</kw>
<kw name="Disaply The Enabill Logo" library="Common_Keyword">
<kw name="Wait Until Element Is Visible" library="SeleniumLibrary">
<doc>Waits until the element ``locator`` is visible.</doc>
<arguments>
<arg>${EnabillLogo}</arg>
</arguments>
<status status="PASS" starttime="20240705 23:15:49.688" endtime="20240705 23:15:50.297"></status>
</kw>
<status status="PASS" starttime="20240705 23:15:49.688" endtime="20240705 23:15:50.297"></status>
</kw>
<status status="PASS" starttime="20240705 23:15:46.755" endtime="20240705 23:15:50.297"></status>
</kw>
<status status="PASS" starttime="20240705 23:15:46.744" endtime="20240705 23:15:50.297" critical="yes"></status>
</test>
<status status="PASS" starttime="20240705 23:15:33.181" endtime="20240705 23:15:50.298"></status>
</suite>
<status status="PASS" starttime="20240705 23:15:33.179" endtime="20240705 23:15:50.300"></status>
</suite>
<status status="PASS" starttime="20240705 23:15:33.167" endtime="20240705 23:15:50.304"></status>
</suite>
<statistics>
<total>
<stat pass="3" fail="0">Critical Tests</stat>
<stat pass="3" fail="0">All Tests</stat>
</total>
<tag>
</tag>
<suite>
<stat pass="3" fail="0" id="s1" name="Enabill 4.5">Enabill 4.5</stat>
<stat pass="3" fail="0" id="s1-s1" name="Robot Script Library">Enabill 4.5.Robot Script Library</stat>
<stat pass="3" fail="0" id="s1-s1-s1" name="TC0001 Enabill 4.5 LoginTest">Enabill 4.5.Robot Script Library.TC0001 Enabill 4.5 LoginTest</stat>
</suite>
</statistics>
<errors>
</errors>
</robot>
